<?xml version="1.0" encoding="UTF-8"?>
<testsuite xmlns:xsi="http://www.w3.org/2001/XMLSchema-instance" xsi:noNamespaceSchemaLocation="https://maven.apache.org/surefire/maven-surefire-plugin/xsd/surefire-test-report.xsd" name="TestSuite" time="12.484" tests="11" errors="0" skipped="0" failures="0">
  <properties>
[...]
</properties>
  <testcase name="validatePageTitleTest" classname="com.nopcommerce.tests.HomePageTest" time="0.131"/>
  <testcase name="verifyLogoTest" classname="com.nopcommerce.tests.HomePageTest" time="0.207"/>
  <testcase name="verifyRegisterLinkTest" classname="com.nopcommerce.tests.HomePageTest" time="0.157"/>
  <testcase name="verifyLoginPageNameTest" classname="com.nopcommerce.tests.LoginPageTest" time="0.02"/>
  <testcase name="verifyLoginLinkTest" classname="com.nopcommerce.tests.HomePageTest" time="0.15"/>
  <testcase name="verifyRegisterButtonStatus" classname="com.nopcommerce.tests.LoginPageTest" time="0.016"/>
  <testcase name="verifySearchPageNameTest" classname="com.nopcommerce.tests.SearchPageTest" time="0.172"/>
  <testcase name="verifyManufactureDropDownListTest" classname="com.nopcommerce.tests.SearchPageTest" time="0.431"/>
  <testcase name="validateCategoryListTest" classname="com.nopcommerce.tests.SearchPageTest" time="0.071"/>
  <testcase name="validateUserLoginTest" classname="com.nopcommerce.tests.LoginPageTest" time="1.28"/>
  <testcase name="registerNewUserTest" classname="com.nopcommerce.tests.RegisterPageTest" time="5.625"/>
</testsuite>