<?xml version="1.0" encoding="UTF-8"?>
<testng-results ignored="0" total="11" passed="11" failed="0" skipped="0">
  <reporter-output>
  </reporter-output>
  <suite started-at="2022-02-17T20:40:23 MST" name="nopCommerce regression test suite" finished-at="2022-02-17T20:40:35 MST" duration-ms="11381">
    <groups>
    </groups>
    <test started-at="2022-02-17T20:40:23 MST" name="home page test" finished-at="2022-02-17T20:40:27 MST" duration-ms="3909">
      <class name="com.nopcommerce.tests.HomePageTest">
        <test-method is-config="true" signature="setUp()[pri:0, instance:com.nopcommerce.tests.HomePageTest@119c745c]" started-at="2022-02-17T20:40:23 MST" name="setUp" finished-at="2022-02-17T20:40:26 MST" duration-ms="2556" status="PASS">
          <reporter-output>
          </reporter-output>
        </test-method> <!-- setUp -->
        <test-method signature="validatePageTitleTest()[pri:1, instance:com.nopcommerce.tests.HomePageTest@119c745c]" started-at="2022-02-17T20:40:26 MST" name="validatePageTitleTest" finished-at="2022-02-17T20:40:26 MST" duration-ms="48" status="PASS">
          <reporter-output>
          </reporter-output>
        </test-method> <!-- validatePageTitleTest -->
        <test-method signature="verifyLogoTest()[pri:2, instance:com.nopcommerce.tests.HomePageTest@119c745c]" started-at="2022-02-17T20:40:26 MST" name="verifyLogoTest" finished-at="2022-02-17T20:40:26 MST" duration-ms="205" status="PASS">
          <reporter-output>
          </reporter-output>
        </test-method> <!-- verifyLogoTest -->
        <test-method signature="verifyRegisterLinkTest()[pri:3, instance:com.nopcommerce.tests.HomePageTest@119c745c]" started-at="2022-02-17T20:40:26 MST" name="verifyRegisterLinkTest" finished-at="2022-02-17T20:40:27 MST" duration-ms="212" status="PASS">
          <reporter-output>
          </reporter-output>
        </test-method> <!-- verifyRegisterLinkTest -->
        <test-method signature="verifyLoginLinkTest()[pri:4, instance:com.nopcommerce.tests.HomePageTest@119c745c]" started-at="2022-02-17T20:40:27 MST" name="verifyLoginLinkTest" finished-at="2022-02-17T20:40:27 MST" duration-ms="168" status="PASS">
          <reporter-output>
          </reporter-output>
        </test-method> <!-- verifyLoginLinkTest -->
        <test-method is-config="true" signature="tearDown()[pri:0, instance:com.nopcommerce.tests.HomePageTest@119c745c]" started-at="2022-02-17T20:40:27 MST" name="tearDown" finished-at="2022-02-17T20:40:27 MST" duration-ms="602" status="PASS">
          <reporter-output>
          </reporter-output>
        </test-method> <!-- tearDown -->
      </class> <!-- com.nopcommerce.tests.HomePageTest -->
    </test> <!-- home page test -->
    <test started-at="2022-02-17T20:40:23 MST" name="search page test" finished-at="2022-02-17T20:40:29 MST" duration-ms="5817">
      <class name="com.nopcommerce.tests.SearchPageTest">
        <test-method is-config="true" signature="setUp()[pri:0, instance:com.nopcommerce.tests.SearchPageTest@70c53dbe]" started-at="2022-02-17T20:40:23 MST" name="setUp" finished-at="2022-02-17T20:40:26 MST" duration-ms="2558" status="PASS">
          <reporter-output>
          </reporter-output>
        </test-method> <!-- setUp -->
        <test-method is-config="true" signature="searchPageSetup()[pri:0, instance:com.nopcommerce.tests.SearchPageTest@70c53dbe]" started-at="2022-02-17T20:40:26 MST" name="searchPageSetup" finished-at="2022-02-17T20:40:27 MST" duration-ms="738" status="PASS">
          <reporter-output>
          </reporter-output>
        </test-method> <!-- searchPageSetup -->
        <test-method signature="verifySearchPageNameTest()[pri:1, instance:com.nopcommerce.tests.SearchPageTest@70c53dbe]" started-at="2022-02-17T20:40:27 MST" name="verifySearchPageNameTest" finished-at="2022-02-17T20:40:27 MST" duration-ms="185" status="PASS">
          <reporter-output>
          </reporter-output>
        </test-method> <!-- verifySearchPageNameTest -->
        <test-method is-config="true" signature="searchPageSetup()[pri:0, instance:com.nopcommerce.tests.SearchPageTest@70c53dbe]" started-at="2022-02-17T20:40:27 MST" name="searchPageSetup" finished-at="2022-02-17T20:40:28 MST" duration-ms="609" status="PASS">
          <reporter-output>
          </reporter-output>
        </test-method> <!-- searchPageSetup -->
        <test-method signature="verifyManufactureDropDownListTest()[pri:2, instance:com.nopcommerce.tests.SearchPageTest@70c53dbe]" started-at="2022-02-17T20:40:28 MST" name="verifyManufactureDropDownListTest" finished-at="2022-02-17T20:40:28 MST" duration-ms="430" status="PASS">
          <reporter-output>
          </reporter-output>
        </test-method> <!-- verifyManufactureDropDownListTest -->
        <test-method is-config="true" signature="searchPageSetup()[pri:0, instance:com.nopcommerce.tests.SearchPageTest@70c53dbe]" started-at="2022-02-17T20:40:28 MST" name="searchPageSetup" finished-at="2022-02-17T20:40:29 MST" duration-ms="591" status="PASS">
          <reporter-output>
          </reporter-output>
        </test-method> <!-- searchPageSetup -->
        <test-method signature="validateCategoryListTest()[pri:3, instance:com.nopcommerce.tests.SearchPageTest@70c53dbe]" started-at="2022-02-17T20:40:29 MST" name="validateCategoryListTest" finished-at="2022-02-17T20:40:29 MST" duration-ms="70" status="PASS">
          <reporter-output>
          </reporter-output>
        </test-method> <!-- validateCategoryListTest -->
        <test-method is-config="true" signature="tearDown()[pri:0, instance:com.nopcommerce.tests.SearchPageTest@70c53dbe]" started-at="2022-02-17T20:40:29 MST" name="tearDown" finished-at="2022-02-17T20:40:29 MST" duration-ms="597" status="PASS">
          <reporter-output>
          </reporter-output>
        </test-method> <!-- tearDown -->
      </class> <!-- com.nopcommerce.tests.SearchPageTest -->
    </test> <!-- search page test -->
    <test started-at="2022-02-17T20:40:23 MST" name="log in page test" finished-at="2022-02-17T20:40:31 MST" duration-ms="7431">
      <class name="com.nopcommerce.tests.LoginPageTest">
        <test-method is-config="true" signature="setUp()[pri:0, instance:com.nopcommerce.tests.LoginPageTest@5a2fa51f]" started-at="2022-02-17T20:40:23 MST" name="setUp" finished-at="2022-02-17T20:40:26 MST" duration-ms="2469" status="PASS">
          <reporter-output>
          </reporter-output>
        </test-method> <!-- setUp -->
        <test-method is-config="true" signature="loginPageSetUp()[pri:0, instance:com.nopcommerce.tests.LoginPageTest@5a2fa51f]" started-at="2022-02-17T20:40:26 MST" name="loginPageSetUp" finished-at="2022-02-17T20:40:26 MST" duration-ms="482" status="PASS">
          <reporter-output>
          </reporter-output>
        </test-method> <!-- loginPageSetUp -->
        <test-method signature="verifyLoginPageNameTest()[pri:1, instance:com.nopcommerce.tests.LoginPageTest@5a2fa51f]" started-at="2022-02-17T20:40:26 MST" name="verifyLoginPageNameTest" finished-at="2022-02-17T20:40:27 MST" duration-ms="173" status="PASS">
          <reporter-output>
          </reporter-output>
        </test-method> <!-- verifyLoginPageNameTest -->
        <test-method signature="verifyRegisterButtonStatus()[pri:2, instance:com.nopcommerce.tests.LoginPageTest@5a2fa51f]" started-at="2022-02-17T20:40:27 MST" name="verifyRegisterButtonStatus" finished-at="2022-02-17T20:40:27 MST" duration-ms="185" status="PASS">
          <reporter-output>
          </reporter-output>
        </test-method> <!-- verifyRegisterButtonStatus -->
        <test-method signature="validateUserLoginTest()[pri:3, instance:com.nopcommerce.tests.LoginPageTest@5a2fa51f]" started-at="2022-02-17T20:40:27 MST" name="validateUserLoginTest" finished-at="2022-02-17T20:40:30 MST" duration-ms="3083" status="PASS">
          <reporter-output>
          </reporter-output>
        </test-method> <!-- validateUserLoginTest -->
        <test-method is-config="true" signature="tearDown()[pri:0, instance:com.nopcommerce.tests.LoginPageTest@5a2fa51f]" started-at="2022-02-17T20:40:30 MST" name="tearDown" finished-at="2022-02-17T20:40:31 MST" duration-ms="1002" status="PASS">
          <reporter-output>
          </reporter-output>
        </test-method> <!-- tearDown -->
      </class> <!-- com.nopcommerce.tests.LoginPageTest -->
    </test> <!-- log in page test -->
    <test started-at="2022-02-17T20:40:23 MST" name="register page test" finished-at="2022-02-17T20:40:35 MST" duration-ms="11381">
      <class name="com.nopcommerce.tests.RegisterPageTest">
        <test-method is-config="true" signature="setUp()[pri:0, instance:com.nopcommerce.tests.RegisterPageTest@3b4d50b]" started-at="2022-02-17T20:40:23 MST" name="setUp" finished-at="2022-02-17T20:40:26 MST" duration-ms="2506" status="PASS">
          <reporter-output>
          </reporter-output>
        </test-method> <!-- setUp -->
        <test-method is-config="true" signature="registerPageSetup()[pri:0, instance:com.nopcommerce.tests.RegisterPageTest@3b4d50b]" started-at="2022-02-17T20:40:26 MST" name="registerPageSetup" finished-at="2022-02-17T20:40:26 MST" duration-ms="493" status="PASS">
          <reporter-output>
          </reporter-output>
        </test-method> <!-- registerPageSetup -->
        <test-method signature="registerNewUserTest(java.lang.String,java.lang.String,java.lang.String,java.lang.String,java.lang.String,java.lang.String,java.lang.String,java.lang.String,java.lang.String)[pri:0, instance:com.nopcommerce.tests.RegisterPageTest@3b4d50b]" started-at="2022-02-17T20:40:27 MST" name="registerNewUserTest" data-provider="getUserData" finished-at="2022-02-17T20:40:34 MST" duration-ms="7150" status="PASS">
          <params>
            <param index="0">
              <value>
                <![CDATA[Female]]>
              </value>
            </param>
            <param index="1">
              <value>
                <![CDATA[Meelissa]]>
              </value>
            </param>
            <param index="2">
              <value>
                <![CDATA[Rose]]>
              </value>
            </param>
            <param index="3">
              <value>
                <![CDATA[15]]>
              </value>
            </param>
            <param index="4">
              <value>
                <![CDATA[10]]>
              </value>
            </param>
            <param index="5">
              <value>
                <![CDATA[1988]]>
              </value>
            </param>
            <param index="6">
              <value>
                <![CDATA[G@gmail.com]]>
              </value>
            </param>
            <param index="7">
              <value>
                <![CDATA[KitchenAid]]>
              </value>
            </param>
            <param index="8">
              <value>
                <![CDATA[passcode123]]>
              </value>
            </param>
          </params>
          <reporter-output>
          </reporter-output>
        </test-method> <!-- registerNewUserTest -->
        <test-method is-config="true" signature="tearDown()[pri:0, instance:com.nopcommerce.tests.RegisterPageTest@3b4d50b]" started-at="2022-02-17T20:40:34 MST" name="tearDown" finished-at="2022-02-17T20:40:35 MST" duration-ms="607" status="PASS">
          <reporter-output>
          </reporter-output>
        </test-method> <!-- tearDown -->
      </class> <!-- com.nopcommerce.tests.RegisterPageTest -->
    </test> <!-- register page test -->
  </suite> <!-- nopCommerce regression test suite -->
</testng-results>
