<?xml version="1.0" encoding="UTF-8"?>
<!-- Generated by org.testng.reporters.JUnitXMLReporter -->
<testsuite ignored="0" hostname="DESKTOP-B8DBLIV" failures="0" tests="3" name="log in page test" time="7.431" errors="0" timestamp="2022-02-17T20:40:31 MST">
  <testcase classname="com.nopcommerce.tests.LoginPageTest" name="verifyLoginPageNameTest" time="0.173"/>
  <testcase classname="com.nopcommerce.tests.LoginPageTest" name="verifyRegisterButtonStatus" time="0.185"/>
  <testcase classname="com.nopcommerce.tests.LoginPageTest" name="validateUserLoginTest" time="3.083"/>
</testsuite> <!-- log in page test -->
