<?xml version="1.0" encoding="UTF-8"?>
<!-- Generated by org.testng.reporters.JUnitXMLReporter -->
<testsuite ignored="0" hostname="DESKTOP-B8DBLIV" failures="0" tests="3" name="search page test" time="5.817" errors="0" timestamp="2022-02-17T20:40:29 MST">
  <testcase classname="com.nopcommerce.tests.SearchPageTest" name="verifySearchPageNameTest" time="0.185"/>
  <testcase classname="com.nopcommerce.tests.SearchPageTest" name="verifyManufactureDropDownListTest" time="0.43"/>
  <testcase classname="com.nopcommerce.tests.SearchPageTest" name="validateCategoryListTest" time="0.07"/>
</testsuite> <!-- search page test -->
